<?xml version="1.0" encoding="UTF-8"?>
<!-- Generated by org.testng.reporters.JUnitReportReporter -->
<testsuite hostname="Admin" failures="0" tests="4" name="webdriver.Topic_04_Xpath_Technical" time="12.930" errors="0" timestamp="3 Jul 2021 05:26:58 GMT">
  <testcase classname="webdriver.Topic_04_Xpath_Technical" name="TC_02_Login_Invalid_Email" time="2.225"/>
  <testcase classname="webdriver.Topic_04_Xpath_Technical" name="TC_03_Login_Invalid_Pass" time="2.272"/>
  <testcase classname="webdriver.Topic_04_Xpath_Technical" name="TC_01_Login_Empty_Email_And_Password" time="4.025"/>
  <testcase classname="webdriver.Topic_04_Xpath_Technical" name="TC_04_Login_Incorrect_Email" time="4.408"/>
</testsuite> <!-- webdriver.Topic_04_Xpath_Technical -->
