<?xml version="1.0" encoding="UTF-8"?>
<!-- Generated by org.testng.reporters.JUnitReportReporter -->
<testsuite hostname="Admin" failures="0" tests="4" name="webdriver.Topic_14_Upload_File" time="71.249" errors="0" timestamp="04 Sep 2021 13:00:49 GMT" skipped="0">
  <testcase classname="webdriver.Topic_14_Upload_File" name="TC_01_UploadMultipleWithSendKeyWithEdge" time="35.726"/>
  <testcase classname="webdriver.Topic_14_Upload_File" name="TC_01_UploadWithSendKeyWithChrome" time="5.765"/>
  <testcase classname="webdriver.Topic_14_Upload_File" name="TC_01_UploadWithSendKeyWithFireFox" time="8.894"/>
  <testcase classname="webdriver.Topic_14_Upload_File" name="TC_01_UploadMultipleWithSendKeyWithChrome" time="20.864"/>
</testsuite> <!-- webdriver.Topic_14_Upload_File -->
