<?xml version="1.0" encoding="UTF-8"?>
<!-- Generated by org.testng.reporters.JUnitReportReporter -->
<testsuite hostname="Admin" failures="0" tests="1" name="webdriver.Topic_06_WebElements_Exercise" time="4.146" errors="0" timestamp="26 Jul 2021 13:50:54 GMT" skipped="0">
  <testcase classname="webdriver.Topic_06_WebElements_Exercise" name="TC_04_RegisterMailChimp" time="4.146"/>
</testsuite> <!-- webdriver.Topic_06_WebElements_Exercise -->
