<?xml version="1.0" encoding="UTF-8"?>
<!-- Generated by org.testng.reporters.JUnitReportReporter -->
<testsuite hostname="Admin" failures="0" tests="1" name="webdriver.Topic_08_Custom_DropdownList_Exercize" time="2.314" errors="0" timestamp="13 Aug 2021 17:09:04 GMT" skipped="0">
  <testcase classname="webdriver.Topic_08_Custom_DropdownList_Exercize" name="TC_04_VueJS" time="2.314"/>
</testsuite> <!-- webdriver.Topic_08_Custom_DropdownList_Exercize -->
