<?xml version="1.0" encoding="UTF-8"?>
<!-- Generated by org.testng.reporters.JUnitReportReporter -->
<testsuite hostname="Admin" failures="0" tests="2" name="webdriver.Topic_05_Xpath_Advanced_Practice" time="11.148" errors="0" timestamp="08 Sep 2021 17:03:10 GMT" skipped="0">
  <testcase classname="webdriver.Topic_05_Xpath_Advanced_Practice" name="TC_02_Login_Account" time="3.135"/>
  <testcase classname="webdriver.Topic_05_Xpath_Advanced_Practice" name="TC_01_Create_New_Account" time="8.013"/>
</testsuite> <!-- webdriver.Topic_05_Xpath_Advanced_Practice -->
