<?xml version="1.0" encoding="UTF-8"?>
<!-- Generated by org.testng.reporters.JUnitReportReporter -->
<testsuite hostname="Admin" failures="0" tests="1" name="webdriver.Topic_00_Template" time="0.002" errors="0" timestamp="28 Jun 2021 13:15:34 GMT">
  <testcase classname="webdriver.Topic_00_Template" name="TC_01" time="0.002"/>
</testsuite> <!-- webdriver.Topic_00_Template -->
