<?xml version="1.0" encoding="UTF-8"?>
<!-- Generated by org.testng.reporters.JUnitReportReporter -->
<testsuite hostname="Admin" failures="0" tests="4" name="webdriver.Topic_06_WebBrowsers_Exercise" time="41.585" errors="0" timestamp="19 Jul 2021 14:30:21 GMT" skipped="0">
  <testcase classname="webdriver.Topic_06_WebBrowsers_Exercise" name="TC_03_NavigateFunction" time="14.292"/>
  <testcase classname="webdriver.Topic_06_WebBrowsers_Exercise" name="TC_04_VerifyPageSource" time="8.664"/>
  <testcase classname="webdriver.Topic_06_WebBrowsers_Exercise" name="TC_01_VerifyURL" time="10.314"/>
  <testcase classname="webdriver.Topic_06_WebBrowsers_Exercise" name="TC_02_VerifyTitle" time="8.315"/>
</testsuite> <!-- webdriver.Topic_06_WebBrowsers_Exercise -->
