<?xml version="1.0" encoding="UTF-8"?>
<!-- Generated by org.testng.reporters.JUnitReportReporter -->
<testsuite hostname="Admin" failures="0" tests="6" name="webdriver.Topic_05_Exercise" time="32.787" errors="0" timestamp="6 Jul 2021 15:11:15 GMT">
  <testcase classname="webdriver.Topic_05_Exercise" name="TC_04_Password_Less_Than_6_Chars" time="7.066"/>
  <testcase classname="webdriver.Topic_05_Exercise" name="TC_01_Empty" time="4.450"/>
  <testcase classname="webdriver.Topic_05_Exercise" name="TC_03_Incorrect_Confirm_Email" time="4.784"/>
  <testcase classname="webdriver.Topic_05_Exercise" name="TC_05_Incorrect_Confirm_Password" time="5.093"/>
  <testcase classname="webdriver.Topic_05_Exercise" name="TC_06_Invalid_Phone" time="6.620"/>
  <testcase classname="webdriver.Topic_05_Exercise" name="TC_02_Invalid_Email" time="4.774"/>
</testsuite> <!-- webdriver.Topic_05_Exercise -->
