<?xml version="1.0" encoding="UTF-8"?>
<!-- Generated by org.testng.reporters.JUnitReportReporter -->
<testsuite hostname="Admin" failures="0" tests="2" name="webdriver.Topic_07_Textbox_TextArea_Exercise" time="20.227" errors="0" timestamp="31 Jul 2021 04:24:36 GMT" skipped="0">
  <testcase classname="webdriver.Topic_07_Textbox_TextArea_Exercise" name="TC_01_CreateNewCustomer" time="10.328"/>
  <testcase classname="webdriver.Topic_07_Textbox_TextArea_Exercise" name="TC_02_EditCustomer" time="9.899"/>
</testsuite> <!-- webdriver.Topic_07_Textbox_TextArea_Exercise -->
