<?xml version="1.0" encoding="UTF-8"?>
<!-- Generated by org.testng.reporters.JUnitReportReporter -->
<testsuite hostname="Admin" failures="0" tests="2" name="webdriver.Topic_05_Xpath_Advanced" time="0.674" errors="0" timestamp="5 Jul 2021 14:02:42 GMT">
  <testcase classname="webdriver.Topic_05_Xpath_Advanced" name="TC_03_contains_advanced" time="0.651"/>
  <testcase classname="webdriver.Topic_05_Xpath_Advanced" name="TC_04_Verify_Text" time="0.023"/>
</testsuite> <!-- webdriver.Topic_05_Xpath_Advanced -->
