<?xml version="1.0" encoding="UTF-8"?>
<!-- Generated by org.testng.reporters.JUnitReportReporter -->
<testsuite hostname="Admin" failures="0" tests="3" name="webdriver.Topic_06_Run_On_Browsers" time="14.425" errors="0" timestamp="17 Jul 2021 03:29:43 GMT" skipped="0">
  <testcase classname="webdriver.Topic_06_Run_On_Browsers" name="TC_02_Run_On_Chrome" time="3.992"/>
  <testcase classname="webdriver.Topic_06_Run_On_Browsers" name="TC_03_Run_On_Edge" time="4.472"/>
  <testcase classname="webdriver.Topic_06_Run_On_Browsers" name="TC_01_Run_On_Firefox" time="5.961"/>
</testsuite> <!-- webdriver.Topic_06_Run_On_Browsers -->
