<?xml version="1.0" encoding="UTF-8"?>
<!-- Generated by org.testng.reporters.JUnitReportReporter -->
<testsuite hostname="Admin" failures="0" tests="1" name="webdriver.Topic_09_Button_RadioButton_Checkbox" time="5.661" errors="0" timestamp="14 Aug 2021 03:55:40 GMT" skipped="0">
  <testcase classname="webdriver.Topic_09_Button_RadioButton_Checkbox" name="TC_01_CheckButton" time="5.661"/>
</testsuite> <!-- webdriver.Topic_09_Button_RadioButton_Checkbox -->
