<?xml version="1.0" encoding="UTF-8"?>
<!-- Generated by org.testng.reporters.JUnitReportReporter -->
<testsuite hostname="Admin" failures="0" tests="3" name="webdriver.Topic_01_Check_Environment" time="0.046" errors="0" timestamp="26 Jun 2021 03:53:47 GMT">
  <testcase classname="webdriver.Topic_01_Check_Environment" name="TC_02_ValidatePageTitle" time="0.005"/>
  <testcase classname="webdriver.Topic_01_Check_Environment" name="TC_01_ValidateCurrentUrl" time="0.009"/>
  <testcase classname="webdriver.Topic_01_Check_Environment" name="TC_03_LoginFormDisplayed" time="0.032"/>
</testsuite> <!-- webdriver.Topic_01_Check_Environment -->
