<?xml version="1.0" encoding="UTF-8"?>
<!-- Generated by org.testng.reporters.JUnitReportReporter -->
<testsuite hostname="Admin" failures="0" tests="3" name="webdriver.Topic_03_Selenium_Locator" time="3.482" errors="0" timestamp="28 Jun 2021 14:34:27 GMT">
  <testcase classname="webdriver.Topic_03_Selenium_Locator" name="TC_08_CssSelector" time="0.076"/>
  <testcase classname="webdriver.Topic_03_Selenium_Locator" name="TC_03_ClassName" time="3.331"/>
  <testcase classname="webdriver.Topic_03_Selenium_Locator" name="TC_09_Xpath" time="0.075"/>
</testsuite> <!-- webdriver.Topic_03_Selenium_Locator -->
